<?xml version="1.0" encoding="UTF-8"?>
<!-- Generated by org.testng.reporters.JUnitReportReporter -->
<testsuite skipped="0" hostname="DESKTOP-JUQ15IP" name="baseTest.BaseTest" tests="3" failures="0" timestamp="28 Jun 2020 23:24:44 GMT" time="0.012" errors="0">
  <testcase name="utilsTestTwo" time="0.001" classname="baseTest.BaseTest"/>
  <testcase name="utilsTest" time="0.009" classname="baseTest.BaseTest"/>
  <testcase name="utilsTestOne" time="0.002" classname="baseTest.BaseTest"/>
</testsuite> <!-- baseTest.BaseTest -->
